Log file open, 04/18/15 02:39:45
LogInit:Display: Running engine for game: LudumDare
LogInit: Version: 4.7.5-2503383+++depot+UE4-Releases+4.7
LogInit: API Version: 2455222
LogInit: Compiled (64-bit): Apr  6 2015 23:21:51
LogInit: Compiled with Visual C++: 18.00.21005.01
LogInit: Build Configuration: Development
LogInit: Branch Name: ++depot+UE4-Releases+4.7
LogInit: Command line: 
LogInit: Base directory: C:/Program Files/Epic Games/4.7/Engine/Binaries/Win64/
LogInit: Rocket: 1
[2015.04.18-01.39.45:610][  0]LogTaskGraph: Started task graph with 3 named threads and 6 total threads.
[2015.04.18-01.39.45:677][  0]LogOnline:Warning: No default platform service specified for OnlineSubsystem
[2015.04.18-01.39.45:702][  0]LogInit: Presizing for 0 objects not considered by GC, pre-allocating 0 bytes.
[2015.04.18-01.39.45:709][  0]LogInit: Object subsystem initialized
[2015.04.18-01.39.45:716][  0]LogInit: Selected Device Profile: [Windows]
[2015.04.18-01.39.45:716][  0]LogInit: Applying CVar settings loaded from the selected device profile: [Windows]
[2015.04.18-01.39.45:722][  0]LogInit: Computer: CRACKHOUSE
[2015.04.18-01.39.45:722][  0]LogInit: User: Dean
[2015.04.18-01.39.45:722][  0]LogInit: CPU Page size=4096, Cores=4
[2015.04.18-01.39.45:722][  0]LogInit: High frequency timer resolution =3.906249 MHz
[2015.04.18-01.39.45:722][  0]LogMemory: Memory total: Physical=15.9GB (16GB approx) Virtual=131072.0GB
[2015.04.18-01.39.45:722][  0]LogMemory: Platform Memory Stats for Windows
[2015.04.18-01.39.45:722][  0]LogMemory: Process Physical Memory: 48.41 MB used, 48.41 MB peak
[2015.04.18-01.39.45:722][  0]LogMemory: Process Virtual Memory: 26.95 MB used, 26.96 MB peak
[2015.04.18-01.39.45:722][  0]LogMemory: Physical Memory: 4199.89 MB used, 16244.27 MB total
[2015.04.18-01.39.45:722][  0]LogMemory: Virtual Memory: 293.88 MB used, 134217728.00 MB total
[2015.04.18-01.39.45:745][  0]LogD3D11RHI: Found D3D11 adapter 0: AMD Radeon R9 200 Series (Feature Level 11_0)
[2015.04.18-01.39.45:745][  0]LogD3D11RHI: Adapter has 4074MB of dedicated video memory, 0MB of dedicated system memory, and 3840MB of shared system memory, 2 output[s]
[2015.04.18-01.39.45:757][  0]LogD3D11RHI: Found D3D11 adapter 1: Intel(R) HD Graphics 4600 (Feature Level 11_0)
[2015.04.18-01.39.45:757][  0]LogD3D11RHI: Adapter has 32MB of dedicated video memory, 0MB of dedicated system memory, and 1760MB of shared system memory, 0 output[s]
[2015.04.18-01.39.45:760][  0]LogD3D11RHI: Found D3D11 adapter 2: Microsoft Basic Render Driver (Feature Level 11_0)
[2015.04.18-01.39.45:760][  0]LogD3D11RHI: Adapter has 0MB of dedicated video memory, 0MB of dedicated system memory, and 256MB of shared system memory, 0 output[s]
[2015.04.18-01.39.45:760][  0]LogD3D11RHI: Chosen D3D11 Adapter Id = 0
[2015.04.18-01.39.45:763][  0]LogRHI: Texture pool is 1361 MB (70% of 1945 MB)
[2015.04.18-01.39.45:772][  0]LogD3D11RHI: Async texture creation disabled: no driver support
[2015.04.18-01.39.45:902][  0]LogTextLocalizationManager: The requested culture ('en_GB') has no localization data; parent culture's ('en') localization data will be used.
[2015.04.18-01.39.45:948][  0]LogTextLocalizationManager:Warning: Loading localization resources contain conflicting entries for (Namespace:UICommands, Key:Save_ToolTip):
Resource: (C:/Program Files/Epic Games/4.7/Engine/Content/Localization/Editor/en/Editor.locres) Hash: (-29098895) String: (Saves the current level to disk)
Resource: (C:/Program Files/Epic Games/4.7/Engine/Content/Localization/Engine/en/Engine.locres) Hash: (-1280300587) String: (Save selected data to vlog file)
[2015.04.18-01.39.45:948][  0]LogTextLocalizationManager:Warning: Loading localization resources contain conflicting entries for (Namespace:ContentBrowser, Key:ImportAssetToolTip):
Resource: (C:/Program Files/Epic Games/4.7/Engine/Content/Localization/Editor/en/Editor.locres) Hash: (-630476809) String: (Import to {0}...)
Resource: (C:/Program Files/Epic Games/4.7/Engine/Content/Localization/Editor/en/Editor.locres) Hash: (1271782899) String: (Imports an asset from file to this folder.)
[2015.04.18-01.39.46:008][  0]LogContentStreaming: Texture pool size is 0.000000MB
[2015.04.18-01.39.48:511][  0]LogTargetPlatformManager:Display: Building Assets For Windows
[2015.04.18-01.39.49:515][  0]LogTargetPlatformManager:Display: Building Assets For Windows
[2015.04.18-01.39.49:614][  0]LogDerivedDataCache:Display: Max Cache Size: 512 MB
[2015.04.18-01.39.49:646][  0]LogDerivedDataCache: Loaded boot cache 0.03s 39MB C:/Users/Dean/AppData/Local/UnrealEngine/4.7/DerivedDataCache/Boot.ddc.
[2015.04.18-01.39.49:646][  0]LogDerivedDataCache:Display: Loaded Boot cache: C:/Users/Dean/AppData/Local/UnrealEngine/4.7/DerivedDataCache/Boot.ddc
[2015.04.18-01.39.49:646][  0]LogDerivedDataCache: FDerivedDataBackendGraph:  Pak pak cache file K:/Documents/Unreal Projects/LudumDare/DerivedDataCache/DDC.ddp not found, will not use a pak cache.
[2015.04.18-01.39.49:646][  0]LogDerivedDataCache: Unable to find inner node Pak for hierarchical cache Hierarchy.
[2015.04.18-01.39.49:735][  0]LogDerivedDataCache:Display: Pak cache opened for reading ../../../Engine/DerivedDataCache/Compressed.ddp.
[2015.04.18-01.39.49:748][  0]LogDerivedDataCache: Using Local data cache path C:/Users/Dean/AppData/Local/UnrealEngine/Common/DerivedDataCache: Writable
[2015.04.18-01.39.50:067][  0]LogMeshUtilities: No automatic mesh reduction module available
[2015.04.18-01.39.50:067][  0]LogMeshUtilities: No automatic mesh merging module available
[2015.04.18-01.39.50:511][  0]LogInit: WinSock: version 1.1 (2.2), MaxSocks=32767, MaxUdp=65467
[2015.04.18-01.39.50:671][  0]LogSlate:Warning: Failed to load font data from '../../../Engine/Content/Slate/Fonts/Roboto-Italic.ttf'
[2015.04.18-01.39.51:933][  0]UdpMessaging: Initializing bridge on interface 0.0.0.0:0 to multicast group 230.0.0.1:6666.
[2015.04.18-01.39.52:296][  0]SourceControl: Info Source control is disabled
[2015.04.18-01.39.52:296][  0]SourceControl: Info Source control is disabled
[2015.04.18-01.39.52:296][  0]SourceControl: Info Source control is disabled
[2015.04.18-01.39.52:296][  0]LogSourceControl: RunCommandInternalRaw: 'git version'
[2015.04.18-01.39.52:296][  0]LogSourceControl: RunCommandInternalRaw: ExecProcess ReturnCode=2 OutResults=''
[2015.04.18-01.39.52:314][  0]SourceControl: Info Source control is disabled
[2015.04.18-01.39.52:712][  0]LogObj: 24232 objects as part of root set at end of initial load.
[2015.04.18-01.39.52:712][  0]LogUObjectAllocator: 5137176 out of 0 bytes used by permanent object pool.
[2015.04.18-01.39.52:810][  0]LogEngine: Initializing Engine...
[2015.04.18-01.39.54:963][  0]LogInit: XAudio2 using 'Speakers (High Definition Audio Device)' : 2 channels at 48 kHz using 16 bits per sample (channel mask 0x3)
[2015.04.18-01.39.54:972][  0]LogInit: FAudioDevice initialized.
[2015.04.18-01.39.55:044][  0]LogAIModule: Creating AISystem for world NewWorld
[2015.04.18-01.39.55:066][  0]LogDerivedDataCache: Saved boot cache 0.02s 39MB C:/Users/Dean/AppData/Local/UnrealEngine/4.7/DerivedDataCache/Boot.ddc.
[2015.04.18-01.39.55:068][  0]LogInit: Texture streaming: Enabled
[2015.04.18-01.39.55:196][  0]LogAnalytics: Creating configured Analytics provider AnalyticsET
[2015.04.18-01.39.55:196][  0]LogAnalytics: ET APIKey = Rocket.Release. APIServer = http://et2.epicgames.com/ET2/. AppVersion = 4.7.5-2503383+++depot+UE4-Releases+4.7
[2015.04.18-01.39.55:196][  0]LogAnalytics: ET APIKey = Rocket.Release. DataRouterUploadURL = https://datarouter-public-service-gamedev.ol.epicgames.net/datarouter/api/v1/public/data. AppVersion = 4.7.5-2503383+++depot+UE4-Releases+4.7
[2015.04.18-01.39.55:196][  0]LogAnalytics: SetUserId eec80ca545dabc797e0e7dbbe06fb49b|5e1090ab99c14aec8ec4c8ebeeea47df|6c6fae48-0a11-4749-9c00-8531a2c1d5f9
[2015.04.18-01.39.55:196][  0]LogAnalytics: AnalyticsET::StartSession [Rocket.Release]
[2015.04.18-01.39.55:251][  0]LogInit: Transaction tracking system initialized
[2015.04.18-01.39.55:613][  0]BlueprintLog: New page: Editor Load
[2015.04.18-01.39.55:674][  0]Log